<?xml version="1.0" encoding="UTF-8"?>
<!-- Generated by org.testng.reporters.JUnitXMLReporter -->
<testsuite ignored="0" hostname="Arti" failures="1" tests="3" name="Test" time="28.266" errors="0" timestamp="2026-02-05T22:16:34 IST">
  <testcase classname="io.cucumber.testng.AbstractTestNGCucumberTests" name="runScenario" time="12.799"/>
  <testcase classname="io.cucumber.testng.AbstractTestNGCucumberTests" name="runScenario" time="5.466"/>
  <testcase classname="io.cucumber.testng.AbstractTestNGCucumberTests" name="runScenario" time="7.385">
    <failure type="java.lang.AssertionError" message="Value is not matching expected [Demo Web Shop] but found [Demo Web Shop. Login]">
      <![CDATA[java.lang.AssertionError: Value is not matching expected [Demo Web Shop] but found [Demo Web Shop. Login]
at org.stepdef.qa.LoginStepDef.the_user_enters_and_the_user_clicks_the_login_button(LoginStepDef.java:34)
at âœ½.the user enters "abcvfsass@gmail.com" and "Pass@1234"  the user clicks the login button(file:///C:/Users/Administrator/eclipse-workspace/DemoWebBDDHybridFramework/src/test/resources/features/login.feature:5)
... Removed 5 stack frames]]>
    </failure>
  </testcase> <!-- runScenario -->
</testsuite> <!-- Test -->
