<?xml version="1.0" encoding="UTF-8"?>
<testng-results ignored="0" total="1" passed="1" failed="0" skipped="0">
  <reporter-output>
  </reporter-output>
  <suite started-at="2026-01-31T13:57:22 IST" name="Suite" finished-at="2026-01-31T13:57:32 IST" duration-ms="9415">
    <groups>
      <group name="cucumber">
        <method signature="AbstractTestNGCucumberTests.runScenario(io.cucumber.testng.PickleWrapper,io.cucumber.testng.FeatureWrapper)[pri:0, instance:org.Testrunner.qa.CommunityTestRunner@4bbf6d0e]" name="runScenario" class="io.cucumber.testng.AbstractTestNGCucumberTests"/>
      </group> <!-- cucumber -->
    </groups>
    <test started-at="2026-01-31T13:57:22 IST" name="Test" finished-at="2026-01-31T13:57:32 IST" duration-ms="9415">
      <class name="org.Testrunner.qa.CommunityTestRunner">
        <test-method is-config="true" signature="setUpClass(org.testng.ITestContext)[pri:0, instance:org.Testrunner.qa.CommunityTestRunner@4bbf6d0e]" started-at="2026-01-31T13:57:22 IST" name="setUpClass" finished-at="2026-01-31T13:57:23 IST" duration-ms="786" status="PASS">
          <params>
            <param index="0">
              <value>
                <![CDATA[org.testng.TestRunner@65ef9a0a]]>
              </value>
            </param>
          </params>
          <reporter-output>
          </reporter-output>
        </test-method> <!-- setUpClass -->
        <test-method signature="runScenario(io.cucumber.testng.PickleWrapper,io.cucumber.testng.FeatureWrapper)[pri:0, instance:org.Testrunner.qa.CommunityTestRunner@4bbf6d0e]" started-at="2026-01-31T13:57:23 IST" name="runScenario" description="Runs Cucumber Scenarios" data-provider="scenarios" finished-at="2026-01-31T13:57:30 IST" duration-ms="7069" status="PASS">
          <params>
            <param index="0">
              <value>
                <![CDATA["Community poll"]]>
              </value>
            </param>
            <param index="1">
              <value>
                <![CDATA["Community Functional Flow"]]>
              </value>
            </param>
          </params>
          <reporter-output>
          </reporter-output>
        </test-method> <!-- runScenario -->
        <test-method is-config="true" signature="tearDownClass()[pri:0, instance:org.Testrunner.qa.CommunityTestRunner@4bbf6d0e]" started-at="2026-01-31T13:57:30 IST" name="tearDownClass" finished-at="2026-01-31T13:57:32 IST" duration-ms="1466" status="PASS">
          <reporter-output>
          </reporter-output>
        </test-method> <!-- tearDownClass -->
      </class> <!-- org.Testrunner.qa.CommunityTestRunner -->
    </test> <!-- Test -->
  </suite> <!-- Suite -->
</testng-results>
