<?xml version="1.0" encoding="UTF-8"?>
<!-- Generated by org.testng.reporters.JUnitReportReporter -->
<testsuite hostname="Arti" failures="0" tests="2" name="org.pages.qa.NewsLetterPage" time="8.329" errors="0" timestamp="2026-01-30T18:18:26 IST" skipped="0">
  <testcase classname="org.pages.qa.NewsLetterPage" name="newsletter" time="4.313"/>
  <system-out/>
  <testcase classname="org.pages.qa.NewsLetterPage" name="newslettervalidation" time="4.016"/>
  <system-out/>
</testsuite> <!-- org.pages.qa.NewsLetterPage -->
