<?xml version="1.0" encoding="UTF-8"?>
<!-- Generated by org.testng.reporters.JUnitReportReporter -->
<testsuite hostname="Arti" failures="1" tests="3" name="org.Testrunner.qa.LoginTestrunner" time="39.308" errors="0" timestamp="2026-02-01T14:33:08 IST" skipped="0">
  <testcase classname="org.Testrunner.qa.LoginTestrunner" name="runScenario" time="11.821"/>
  <testcase classname="org.Testrunner.qa.LoginTestrunner" name="runScenario" time="14.845"/>
  <testcase classname="org.Testrunner.qa.LoginTestrunner" name="runScenario" time="12.642">
    <failure message="Value is not matching expected [Demo Web Shop] but found [Demo Web Shop. Login]" type="java.lang.AssertionError">
      <![CDATA[java.lang.AssertionError: Value is not matching expected [Demo Web Shop] but found [Demo Web Shop. Login]
at org.testng.Assert.fail(Assert.java:111)
at org.testng.Assert.failNotEquals(Assert.java:1590)
at org.testng.Assert.assertEqualsImpl(Assert.java:150)
at org.testng.Assert.assertEquals(Assert.java:132)
at org.testng.Assert.assertEquals(Assert.java:656)
at org.stepdef.qa.LoginStepDef.the_user_enters_and_the_user_clicks_the_login_button(LoginStepDef.java:34)
at âœ½.the user enters "abcvfsass@gmail.com" and "Pass@1234"  the user clicks the login button(file:///C:/Users/Administrator/eclipse-workspace/DemoWebBDDHybridFramework/src/test/resources/features/login.feature:5)
]]>
    </failure>
  </testcase> <!-- runScenario -->
</testsuite> <!-- org.Testrunner.qa.LoginTestrunner -->
